[debug] [2024-08-27T15:22:09.483Z] ----------------------------------------------------------------------
[debug] [2024-08-27T15:22:09.490Z] Command:       C:\Program Files\nodejs\node.exe C:\Users\pamae\AppData\Roaming\npm\node_modules\firebase-tools\lib\bin\firebase.js init
[debug] [2024-08-27T15:22:09.491Z] CLI Version:   13.15.4
[debug] [2024-08-27T15:22:09.491Z] Platform:      win32
[debug] [2024-08-27T15:22:09.491Z] Node Version:  v20.13.1
[debug] [2024-08-27T15:22:09.492Z] Time:          Tue Aug 27 2024 10:22:09 GMT-0500 (hora estándar de Colombia)
[debug] [2024-08-27T15:22:09.493Z] ----------------------------------------------------------------------
[debug] 
[debug] [2024-08-27T15:22:09.504Z] > command requires scopes: ["email","openid","https://www.googleapis.com/auth/cloudplatformprojects.readonly","https://www.googleapis.com/auth/firebase","https://www.googleapis.com/auth/cloud-platform"]
[debug] [2024-08-27T15:22:09.505Z] > authorizing via signed-in user (janiercastmor623533@gmail.com)
[info] 
     ######## #### ########  ######## ########     ###     ######  ########
     ##        ##  ##     ## ##       ##     ##  ##   ##  ##       ##
     ######    ##  ########  ######   ########  #########  ######  ######
     ##        ##  ##    ##  ##       ##     ## ##     ##       ## ##
     ##       #### ##     ## ######## ########  ##     ##  ######  ########

You're about to initialize a Firebase project in this directory:

  C:\Users\pamae\OneDrive\Documentos\MIS PROGRAMACIONES\PiedraPapelTijera\AZAR

[info] 
=== Project Setup
[info] 
[info] First, let's associate this project directory with a Firebase project.
[info] You can create multiple project aliases by running firebase use --add, 
[info] but for now we'll just set up a default project.
[info] 
[debug] [2024-08-27T15:22:15.657Z] > refreshing access token with scopes: []
[debug] [2024-08-27T15:22:15.661Z] >>> [apiv2][query] POST https://www.googleapis.com/oauth2/v3/token [none]
[debug] [2024-08-27T15:22:15.661Z] >>> [apiv2][body] POST https://www.googleapis.com/oauth2/v3/token [omitted]
[debug] [2024-08-27T15:22:16.050Z] <<< [apiv2][status] POST https://www.googleapis.com/oauth2/v3/token 400
[debug] [2024-08-27T15:22:16.051Z] <<< [apiv2][body] POST https://www.googleapis.com/oauth2/v3/token [omitted]
[debug] [2024-08-27T15:22:16.052Z] >>> [apiv2][query] GET https://firebase.googleapis.com/v1beta1/projects pageSize=100
[debug] [2024-08-27T15:22:16.316Z] <<< [apiv2][status] GET https://firebase.googleapis.com/v1beta1/projects 401
[debug] [2024-08-27T15:22:16.317Z] <<< [apiv2][body] GET https://firebase.googleapis.com/v1beta1/projects [omitted]
[debug] [2024-08-27T15:22:16.318Z] HTTP Error: 401, Request had invalid authentication credentials. Expected OAuth 2 access token, login cookie or other valid authentication credential. See https://developers.google.com/identity/sign-in/web/devconsole-project.
[debug] [2024-08-27T15:22:16.333Z] FirebaseError: HTTP Error: 401, Request had invalid authentication credentials. Expected OAuth 2 access token, login cookie or other valid authentication credential. See https://developers.google.com/identity/sign-in/web/devconsole-project.
    at responseToError (C:\Users\pamae\AppData\Roaming\npm\node_modules\firebase-tools\lib\responseToError.js:49:12)
    at RetryOperation._fn (C:\Users\pamae\AppData\Roaming\npm\node_modules\firebase-tools\lib\apiv2.js:305:77)
    at process.processTicksAndRejections (node:internal/process/task_queues:95:5)
[error] 
[error] Error: Failed to list Firebase projects. See firebase-debug.log for more info.
[debug] [2024-08-27T15:23:08.515Z] ----------------------------------------------------------------------
[debug] [2024-08-27T15:23:08.555Z] Command:       C:\Program Files\nodejs\node.exe C:\Users\pamae\AppData\Roaming\npm\node_modules\firebase-tools\lib\bin\firebase.js init
[debug] [2024-08-27T15:23:08.556Z] CLI Version:   13.15.4
[debug] [2024-08-27T15:23:08.556Z] Platform:      win32
[debug] [2024-08-27T15:23:08.557Z] Node Version:  v20.13.1
[debug] [2024-08-27T15:23:08.558Z] Time:          Tue Aug 27 2024 10:23:08 GMT-0500 (hora estándar de Colombia)
[debug] [2024-08-27T15:23:08.559Z] ----------------------------------------------------------------------
[debug] 
[debug] [2024-08-27T15:23:08.584Z] > command requires scopes: ["email","openid","https://www.googleapis.com/auth/cloudplatformprojects.readonly","https://www.googleapis.com/auth/firebase","https://www.googleapis.com/auth/cloud-platform"]
[debug] [2024-08-27T15:23:08.585Z] > authorizing via signed-in user (janiercastmor623533@gmail.com)
[info] 
     ######## #### ########  ######## ########     ###     ######  ########
     ##        ##  ##     ## ##       ##     ##  ##   ##  ##       ##
     ######    ##  ########  ######   ########  #########  ######  ######
     ##        ##  ##    ##  ##       ##     ## ##     ##       ## ##
     ##       #### ##     ## ######## ########  ##     ##  ######  ########

You're about to initialize a Firebase project in this directory:

  C:\Users\pamae\OneDrive\Documentos\MIS PROGRAMACIONES\PiedraPapelTijera\AZAR

